

Microchip Technology PIC18 LITE Macro Assembler V1.34 build -361300703 
                                                                                               Sun Dec 02 16:02:29 2018

Microchip Technology Omniscient Code Generator (Lite mode) build 201502162209
     1                           	processor	18F4550
     2                           	fnconf	rparam,??,?,0
     3                           	opt	pw 120
     4                           	opt	lm
     5                           	psect	idataCOMRAM,global,class=CODE,delta=1
     6                           	psect	cinit,global,reloc=2,class=CODE,delta=1
     7                           	psect	bssCOMRAM,global,class=COMRAM,space=1,delta=1
     8                           	psect	dataCOMRAM,global,class=COMRAM,space=1,delta=1
     9                           	psect	cstackCOMRAM,global,class=COMRAM,space=1,delta=1
    10                           	psect	text0,global,reloc=2,class=CODE,delta=1
    11                           	psect	text1,global,reloc=2,class=CODE,delta=1
    12                           	psect	text2,global,reloc=2,class=CODE,delta=1
    13                           	psect	text3,global,reloc=2,class=CODE,delta=1
    14                           	psect	text4,global,reloc=2,class=CODE,delta=1
    15                           	psect	text5,global,reloc=2,class=CODE,delta=1
    16                           	psect	text6,global,reloc=2,class=CODE,delta=1
    17                           	psect	text7,global,reloc=2,class=CODE,delta=1
    18                           	psect	text8,global,reloc=2,class=CODE,delta=1
    19                           	psect	intcodelo,global,reloc=2,class=CODE,delta=1
    20                           	psect	intcode,global,reloc=2,class=CODE,delta=1
    21                           	psect	intcode_body,global,reloc=2,class=CODE,delta=1
    22                           	psect	intsave_regs,global,class=BIGRAM,space=1,delta=1
    23                           	psect	rparam,global,class=COMRAM,space=1,delta=1
    24  0000                     
    25                           	psect	idataCOMRAM
    26  000264                     __pidataCOMRAM:
    27                           	opt stack 0
    28                           
    29                           ;initializer for _hello
    30  000264  48                 	db	72
    31  000265  65                 	db	101
    32  000266  6C                 	db	108
    33  000267  6C                 	db	108
    34  000268  6F                 	db	111
    35  000269  2C                 	db	44
    36  00026A  20                 	db	32
    37  00026B  77                 	db	119
    38  00026C  6F                 	db	111
    39  00026D  72                 	db	114
    40  00026E  6C                 	db	108
    41  00026F  64                 	db	100
    42  000270  21                 	db	33
    43  000271  20                 	db	32
    44  000272  3C                 	db	60
    45  000273  50                 	db	80
    46  000274  4C                 	db	76
    47  000275  3E                 	db	62
    48  000276  0A                 	db	10
    49  000277  0D                 	db	13
    50  000278  00                 	db	0
    51  0000                     _BAUDCON	set	4024
    52  0000                     _LATDbits	set	3980
    53  0000                     _PIE1	set	3997
    54  0000                     _PIE1bits	set	3997
    55  0000                     _PIR1bits	set	3998
    56  0000                     _RCSTA	set	4011
    57  0000                     _RCSTAbits	set	4011
    58  0000                     _SPBRG	set	4015
    59  0000                     _SPBRGH	set	4016
    60  0000                     _SSPADD	set	4040
    61  0000                     _SSPCON1	set	4038
    62  0000                     _SSPCON2	set	4037
    63  0000                     _SSPCON2bits	set	4037
    64  0000                     _SSPSTAT	set	4039
    65  0000                     _SSPSTATbits	set	4039
    66  0000                     _TRISBbits	set	3987
    67  0000                     _TRISCbits	set	3988
    68  0000                     _TRISD	set	3989
    69  0000                     _TXREG	set	4013
    70  0000                     _TXSTA	set	4012
    71  0000                     _TXSTAbits	set	4012
    72                           
    73                           ; #config settings
    74                           
    75                           	psect	cinit
    76  0001C4                     __pcinit:
    77                           	opt stack 0
    78  0001C4                     start_initialization:
    79                           	opt stack 0
    80  0001C4                     __initialization:
    81                           	opt stack 0
    82                           
    83                           ; Clear objects allocated to COMRAM (1 bytes)
    84  0001C4  6A38               	clrf	__pbssCOMRAM& (0+255),c
    85                           
    86                           ; Initialize objects allocated to COMRAM (21 bytes)
    87                           ; load TBLPTR registers with __pidataCOMRAM
    88  0001C6  0E64               	movlw	low __pidataCOMRAM
    89  0001C8  6EF6               	movwf	tblptrl,c
    90  0001CA  0E02               	movlw	high __pidataCOMRAM
    91  0001CC  6EF7               	movwf	tblptrh,c
    92  0001CE  0E00               	movlw	low (__pidataCOMRAM shr (0+16))
    93  0001D0  6EF8               	movwf	tblptru,c
    94  0001D2  EE00  F023         	lfsr	0,__pdataCOMRAM
    95  0001D6  EE10 F015          	lfsr	1,21
    96  0001DA                     copy_data0:
    97  0001DA  0009               	tblrd		*+
    98  0001DC  CFF5 FFEE          	movff	tablat,postinc0
    99  0001E0  50E5               	movf	postdec1,w,c
   100  0001E2  50E1               	movf	fsr1l,w,c
   101  0001E4  E1FA               	bnz	copy_data0
   102  0001E6                     end_of_initialization:
   103                           	opt stack 0
   104  0001E6                     __end_of__initialization:
   105                           	opt stack 0
   106  0001E6  0100               	movlb	0
   107  0001E8  EF19  F001         	goto	_main	;jump to C main() function
   108                           tblptru	equ	0xFF8
   109                           tblptrh	equ	0xFF7
   110                           tblptrl	equ	0xFF6
   111                           tablat	equ	0xFF5
   112                           postinc0	equ	0xFEE
   113                           postdec1	equ	0xFE5
   114                           fsr1l	equ	0xFE1
   115                           
   116                           	psect	bssCOMRAM
   117  000038                     __pbssCOMRAM:
   118                           	opt stack 0
   119  000038                     _USART_Status:
   120                           	opt stack 0
   121  000038                     	ds	1
   122                           tblptru	equ	0xFF8
   123                           tblptrh	equ	0xFF7
   124                           tblptrl	equ	0xFF6
   125                           tablat	equ	0xFF5
   126                           postinc0	equ	0xFEE
   127                           postdec1	equ	0xFE5
   128                           fsr1l	equ	0xFE1
   129                           
   130                           	psect	dataCOMRAM
   131  000023                     __pdataCOMRAM:
   132                           	opt stack 0
   133  000023                     _hello:
   134                           	opt stack 0
   135  000023                     	ds	21
   136                           tblptru	equ	0xFF8
   137                           tblptrh	equ	0xFF7
   138                           tblptrl	equ	0xFF6
   139                           tablat	equ	0xFF5
   140                           postinc0	equ	0xFEE
   141                           postdec1	equ	0xFE5
   142                           fsr1l	equ	0xFE1
   143                           
   144                           	psect	cstackCOMRAM
   145  000001                     __pcstackCOMRAM:
   146                           	opt stack 0
   147  000001                     ??_System_LowPriorityInterrupt:
   148                           
   149                           ; 0 bytes @ 0x0
   150  000001                     	ds	17
   151  000012                     ??_System_HighPriorityInterrupt:
   152                           
   153                           ; 0 bytes @ 0x11
   154  000012                     	ds	14
   155  000020                     ??_IdleI2C:
   156  000020                     baudUSART@baudconfig:
   157                           	opt stack 0
   158  000020                     WriteUSART@data:
   159                           	opt stack 0
   160  000020                     OpenI2C@slew:
   161                           	opt stack 0
   162  000020                     OpenUSART@spbrg:
   163                           	opt stack 0
   164                           
   165                           ; 2 bytes @ 0x1F
   166  000020                     	ds	1
   167  000021                     OpenI2C@sync_mode:
   168                           	opt stack 0
   169  000021                     putsUSART@data:
   170                           	opt stack 0
   171                           
   172                           ; 2 bytes @ 0x20
   173  000021                     	ds	1
   174  000022                     OpenUSART@config:
   175                           	opt stack 0
   176                           
   177                           ; 1 bytes @ 0x21
   178  000022                     	ds	1
   179  000023                     tblptru	equ	0xFF8
   180                           tblptrh	equ	0xFF7
   181                           tblptrl	equ	0xFF6
   182                           tablat	equ	0xFF5
   183                           postinc0	equ	0xFEE
   184                           postdec1	equ	0xFE5
   185                           fsr1l	equ	0xFE1
   186                           
   187                           ; 0 bytes @ 0x22
   188 ;;
   189 ;;Main: autosize = 0, tempsize = 0, incstack = 0, save=0
   190 ;;
   191 ;; *************** function _main *****************
   192 ;; Defined at:
   193 ;;		line 6 in file "main.c"
   194 ;; Parameters:    Size  Location     Type
   195 ;;		None
   196 ;; Auto vars:     Size  Location     Type
   197 ;;		None
   198 ;; Return value:  Size  Location     Type
   199 ;;		None               void
   200 ;; Registers used:
   201 ;;		wreg, fsr2l, fsr2h, status,2, status,0, cstack
   202 ;; Tracked objects:
   203 ;;		On entry : 0/0
   204 ;;		On exit  : 0/0
   205 ;;		Unchanged: 0/0
   206 ;; Data sizes:     COMRAM   BANK0   BANK1   BANK2   BANK3   BANK4   BANK5   BANK6   BANK7
   207 ;;      Params:         0       0       0       0       0       0       0       0       0
   208 ;;      Locals:         0       0       0       0       0       0       0       0       0
   209 ;;      Temps:          0       0       0       0       0       0       0       0       0
   210 ;;      Totals:         0       0       0       0       0       0       0       0       0
   211 ;;Total ram usage:        0 bytes
   212 ;; Hardware stack levels required when called:    4
   213 ;; This function calls:
   214 ;;		_System_Init
   215 ;;		_putsUSART
   216 ;; This function is called by:
   217 ;;		Startup code after reset
   218 ;; This function uses a non-reentrant model
   219 ;;
   220                           
   221                           	psect	text0
   222  000232                     __ptext0:
   223                           	opt stack 0
   224  000232                     _main:
   225                           	opt stack 27
   226                           
   227                           ;main.c: 7: System_Init();
   228                           
   229                           ;incstack = 0
   230  000232  ECBF  F000         	call	_System_Init	;wreg free
   231                           
   232                           ;main.c: 10: while((!TXSTAbits.TRMT));
   233                           
   234                           ;main.c: 9: while (1) {
   235  000236  D000               	goto	l12
   236  000238                     l12:
   237  000238  A2AC               	btfss	4012,1,c	;volatile
   238  00023A  D7FE               	goto	l12
   239                           
   240                           ;main.c: 11: putsUSART(hello);
   241  00023C  0E23               	movlw	low _hello
   242  00023E  6E21               	movwf	putsUSART@data,c
   243  000240  0E00               	movlw	high _hello
   244  000242  6E22               	movwf	putsUSART@data+1,c
   245  000244  ECF6  F000         	call	_putsUSART	;wreg free
   246  000248  D7F7               	goto	l12
   247  00024A  EF51  F000         	goto	start
   248  00024E                     __end_of_main:
   249                           	opt stack 0
   250                           tblptru	equ	0xFF8
   251                           tblptrh	equ	0xFF7
   252                           tblptrl	equ	0xFF6
   253                           tablat	equ	0xFF5
   254                           postinc0	equ	0xFEE
   255                           postdec1	equ	0xFE5
   256                           fsr1l	equ	0xFE1
   257                           
   258 ;; *************** function _putsUSART *****************
   259 ;; Defined at:
   260 ;;		line 14 in file "C:\Program Files (x86)\Microchip\xc8\v1.34\sources\pic18\plib\USART\uputs.c"
   261 ;; Parameters:    Size  Location     Type
   262 ;;  data            2   32[COMRAM] PTR unsigned char 
   263 ;;		 -> hello(21), 
   264 ;; Auto vars:     Size  Location     Type
   265 ;;		None
   266 ;; Return value:  Size  Location     Type
   267 ;;		None               void
   268 ;; Registers used:
   269 ;;		wreg, fsr2l, fsr2h, status,2, status,0, cstack
   270 ;; Tracked objects:
   271 ;;		On entry : 0/0
   272 ;;		On exit  : 0/0
   273 ;;		Unchanged: 0/0
   274 ;; Data sizes:     COMRAM   BANK0   BANK1   BANK2   BANK3   BANK4   BANK5   BANK6   BANK7
   275 ;;      Params:         2       0       0       0       0       0       0       0       0
   276 ;;      Locals:         0       0       0       0       0       0       0       0       0
   277 ;;      Temps:          0       0       0       0       0       0       0       0       0
   278 ;;      Totals:         2       0       0       0       0       0       0       0       0
   279 ;;Total ram usage:        2 bytes
   280 ;; Hardware stack levels used:    1
   281 ;; Hardware stack levels required when called:    3
   282 ;; This function calls:
   283 ;;		_WriteUSART
   284 ;; This function is called by:
   285 ;;		_main
   286 ;; This function uses a non-reentrant model
   287 ;;
   288                           
   289                           	psect	text1
   290  0001EC                     __ptext1:
   291                           	opt stack 0
   292  0001EC                     _putsUSART:
   293                           	opt stack 27
   294                           
   295                           ;incstack = 0
   296  0001EC  D000               	goto	l99
   297  0001EE                     l99:
   298  0001EE  A2AC               	btfss	4012,1,c	;volatile
   299  0001F0  D7FE               	goto	l99
   300  0001F2  C021  FFD9         	movff	putsUSART@data,fsr2l
   301  0001F6  C022  FFDA         	movff	putsUSART@data+1,fsr2h
   302  0001FA  50DF               	movf	indf2,w,c
   303  0001FC  EC27  F001         	call	_WriteUSART
   304  000200  C021  FFD9         	movff	putsUSART@data,fsr2l
   305  000204  C022  FFDA         	movff	putsUSART@data+1,fsr2h
   306  000208  4A21               	infsnz	putsUSART@data,f,c
   307  00020A  2A22               	incf	putsUSART@data+1,f,c
   308  00020C  50DF               	movf	indf2,w,c
   309  00020E  A4D8               	btfss	status,2,c
   310  000210  D7EE               	goto	l99
   311  000212  0012               	return		;funcret
   312  000214                     __end_of_putsUSART:
   313                           	opt stack 0
   314                           tblptru	equ	0xFF8
   315                           tblptrh	equ	0xFF7
   316                           tblptrl	equ	0xFF6
   317                           tablat	equ	0xFF5
   318                           postinc0	equ	0xFEE
   319                           postdec1	equ	0xFE5
   320                           fsr1l	equ	0xFE1
   321                           indf2	equ	0xFDF
   322                           fsr2h	equ	0xFDA
   323                           fsr2l	equ	0xFD9
   324                           status	equ	0xFD8
   325                           
   326 ;; *************** function _WriteUSART *****************
   327 ;; Defined at:
   328 ;;		line 13 in file "C:\Program Files (x86)\Microchip\xc8\v1.34\sources\pic18\plib\USART\uwrite.c"
   329 ;; Parameters:    Size  Location     Type
   330 ;;  data            1    wreg     unsigned char 
   331 ;; Auto vars:     Size  Location     Type
   332 ;;  data            1   31[COMRAM] unsigned char 
   333 ;; Return value:  Size  Location     Type
   334 ;;		None               void
   335 ;; Registers used:
   336 ;;		wreg
   337 ;; Tracked objects:
   338 ;;		On entry : 0/0
   339 ;;		On exit  : 0/0
   340 ;;		Unchanged: 0/0
   341 ;; Data sizes:     COMRAM   BANK0   BANK1   BANK2   BANK3   BANK4   BANK5   BANK6   BANK7
   342 ;;      Params:         0       0       0       0       0       0       0       0       0
   343 ;;      Locals:         1       0       0       0       0       0       0       0       0
   344 ;;      Temps:          0       0       0       0       0       0       0       0       0
   345 ;;      Totals:         1       0       0       0       0       0       0       0       0
   346 ;;Total ram usage:        1 bytes
   347 ;; Hardware stack levels used:    1
   348 ;; Hardware stack levels required when called:    2
   349 ;; This function calls:
   350 ;;		Nothing
   351 ;; This function is called by:
   352 ;;		_putsUSART
   353 ;; This function uses a non-reentrant model
   354 ;;
   355                           
   356                           	psect	text2
   357  00024E                     __ptext2:
   358                           	opt stack 0
   359  00024E                     _WriteUSART:
   360                           	opt stack 27
   361                           
   362                           ;incstack = 0
   363                           ;WriteUSART@data stored from wreg
   364  00024E  6E20               	movwf	WriteUSART@data,c
   365  000250  ACAC               	btfss	4012,6,c	;volatile
   366  000252  D005               	goto	l810
   367  000254  90AC               	bcf	4012,0,c	;volatile
   368  000256  A238               	btfss	_USART_Status,1,c
   369  000258  D002               	goto	l810
   370  00025A  80AC               	bsf	4012,0,c	;volatile
   371  00025C  D000               	goto	l810
   372  00025E                     l810:
   373  00025E  C020  FFAD         	movff	WriteUSART@data,4013	;volatile
   374  000262  0012               	return		;funcret
   375  000264                     __end_of_WriteUSART:
   376                           	opt stack 0
   377                           tblptru	equ	0xFF8
   378                           tblptrh	equ	0xFF7
   379                           tblptrl	equ	0xFF6
   380                           tablat	equ	0xFF5
   381                           postinc0	equ	0xFEE
   382                           postdec1	equ	0xFE5
   383                           fsr1l	equ	0xFE1
   384                           indf2	equ	0xFDF
   385                           fsr2h	equ	0xFDA
   386                           fsr2l	equ	0xFD9
   387                           status	equ	0xFD8
   388                           
   389 ;; *************** function _System_Init *****************
   390 ;; Defined at:
   391 ;;		line 13 in file "system.c"
   392 ;; Parameters:    Size  Location     Type
   393 ;;		None
   394 ;; Auto vars:     Size  Location     Type
   395 ;;		None
   396 ;; Return value:  Size  Location     Type
   397 ;;		None               void
   398 ;; Registers used:
   399 ;;		wreg, status,2, status,0, cstack
   400 ;; Tracked objects:
   401 ;;		On entry : 0/0
   402 ;;		On exit  : 0/0
   403 ;;		Unchanged: 0/0
   404 ;; Data sizes:     COMRAM   BANK0   BANK1   BANK2   BANK3   BANK4   BANK5   BANK6   BANK7
   405 ;;      Params:         0       0       0       0       0       0       0       0       0
   406 ;;      Locals:         0       0       0       0       0       0       0       0       0
   407 ;;      Temps:          0       0       0       0       0       0       0       0       0
   408 ;;      Totals:         0       0       0       0       0       0       0       0       0
   409 ;;Total ram usage:        0 bytes
   410 ;; Hardware stack levels used:    1
   411 ;; Hardware stack levels required when called:    3
   412 ;; This function calls:
   413 ;;		_CloseI2C
   414 ;;		_IdleI2C
   415 ;;		_OpenI2C
   416 ;;		_OpenUSART
   417 ;;		_baudUSART
   418 ;; This function is called by:
   419 ;;		_main
   420 ;; This function uses a non-reentrant model
   421 ;;
   422                           
   423                           	psect	text3
   424  00017E                     __ptext3:
   425                           	opt stack 0
   426  00017E                     _System_Init:
   427                           	opt stack 27
   428                           
   429                           ;system.c: 15: TRISD = 0b11111110;
   430                           
   431                           ;incstack = 0
   432  00017E  0EFE               	movlw	254
   433  000180  6E95               	movwf	3989,c	;volatile
   434                           
   435                           ;system.c: 16: LATDbits.LATD0 = 0;
   436  000182  908C               	bcf	3980,0,c	;volatile
   437                           
   438                           ;system.c: 19: RCSTA&=0b01001111,TXSTAbits.TXEN=0,PIE1&=0b11001111;
   439  000184  0E4F               	movlw	79
   440  000186  16AB               	andwf	4011,f,c	;volatile
   441  000188  9AAC               	bcf	4012,5,c	;volatile
   442  00018A  0ECF               	movlw	207
   443  00018C  169D               	andwf	3997,f,c	;volatile
   444                           
   445                           ;system.c: 20: OpenUSART(0b00000000 | 0b00000000 | 0b00000000
   446                           ;system.c: 21: | 0b00000000 | 0b00001000 | 0b00000000, 51);
   447  00018E  0E00               	movlw	0
   448  000190  6E21               	movwf	OpenUSART@spbrg+1,c
   449  000192  0E33               	movlw	51
   450  000194  6E20               	movwf	OpenUSART@spbrg,c
   451  000196  0E08               	movlw	8
   452  000198  EC53  F000         	call	_OpenUSART
   453                           
   454                           ;system.c: 22: baudUSART (0b00000000 | 0b00000000);
   455  00019C  0E00               	movlw	0
   456  00019E  EC46  F001         	call	_baudUSART
   457                           
   458                           ;system.c: 25: CloseI2C();
   459  0001A2  EC4A  F001         	call	_CloseI2C	;wreg free
   460                           
   461                           ;system.c: 26: OpenI2C(0b00001000, 0b10000000);
   462  0001A6  0E80               	movlw	128
   463  0001A8  6E20               	movwf	OpenI2C@slew,c
   464  0001AA  0E08               	movlw	8
   465  0001AC  EC0A  F001         	call	_OpenI2C
   466                           
   467                           ;system.c: 27: SSPADD = 0x0A;
   468  0001B0  0E0A               	movlw	10
   469  0001B2  6EC8               	movwf	4040,c	;volatile
   470                           
   471                           ;system.c: 28: IdleI2C();
   472  0001B4  EC3D  F001         	call	_IdleI2C	;wreg free
   473                           
   474                           ;system.c: 29: SSPCON2bits.SEN=1;while(SSPCON2bits.SEN);
   475  0001B8  80C5               	bsf	4037,0,c	;volatile
   476  0001BA  D000               	goto	l50
   477  0001BC                     l50:
   478  0001BC  B0C5               	btfsc	4037,0,c	;volatile
   479  0001BE  D7FE               	goto	l50
   480                           
   481                           ;system.c: 31: LATDbits.LATD0 = 1;
   482  0001C0  808C               	bsf	3980,0,c	;volatile
   483  0001C2  0012               	return		;funcret
   484  0001C4                     __end_of_System_Init:
   485                           	opt stack 0
   486                           tblptru	equ	0xFF8
   487                           tblptrh	equ	0xFF7
   488                           tblptrl	equ	0xFF6
   489                           tablat	equ	0xFF5
   490                           postinc0	equ	0xFEE
   491                           postdec1	equ	0xFE5
   492                           fsr1l	equ	0xFE1
   493                           indf2	equ	0xFDF
   494                           fsr2h	equ	0xFDA
   495                           fsr2l	equ	0xFD9
   496                           status	equ	0xFD8
   497                           
   498 ;; *************** function _baudUSART *****************
   499 ;; Defined at:
   500 ;;		line 15 in file "C:\Program Files (x86)\Microchip\xc8\v1.34\sources\pic18\plib\USART\ubaud.c"
   501 ;; Parameters:    Size  Location     Type
   502 ;;  baudconfig      1    wreg     unsigned char 
   503 ;; Auto vars:     Size  Location     Type
   504 ;;  baudconfig      1   31[COMRAM] unsigned char 
   505 ;; Return value:  Size  Location     Type
   506 ;;		None               void
   507 ;; Registers used:
   508 ;;		wreg
   509 ;; Tracked objects:
   510 ;;		On entry : 0/0
   511 ;;		On exit  : 0/0
   512 ;;		Unchanged: 0/0
   513 ;; Data sizes:     COMRAM   BANK0   BANK1   BANK2   BANK3   BANK4   BANK5   BANK6   BANK7
   514 ;;      Params:         0       0       0       0       0       0       0       0       0
   515 ;;      Locals:         1       0       0       0       0       0       0       0       0
   516 ;;      Temps:          0       0       0       0       0       0       0       0       0
   517 ;;      Totals:         1       0       0       0       0       0       0       0       0
   518 ;;Total ram usage:        1 bytes
   519 ;; Hardware stack levels used:    1
   520 ;; Hardware stack levels required when called:    2
   521 ;; This function calls:
   522 ;;		Nothing
   523 ;; This function is called by:
   524 ;;		_System_Init
   525 ;; This function uses a non-reentrant model
   526 ;;
   527                           
   528                           	psect	text4
   529  00028C                     __ptext4:
   530                           	opt stack 0
   531  00028C                     _baudUSART:
   532                           	opt stack 27
   533                           
   534                           ;incstack = 0
   535                           ;baudUSART@baudconfig stored from wreg
   536  00028C  6E20               	movwf	baudUSART@baudconfig,c
   537  00028E  C020  FFB8         	movff	baudUSART@baudconfig,4024	;volatile
   538  000292  0012               	return		;funcret
   539  000294                     __end_of_baudUSART:
   540                           	opt stack 0
   541                           tblptru	equ	0xFF8
   542                           tblptrh	equ	0xFF7
   543                           tblptrl	equ	0xFF6
   544                           tablat	equ	0xFF5
   545                           postinc0	equ	0xFEE
   546                           postdec1	equ	0xFE5
   547                           fsr1l	equ	0xFE1
   548                           indf2	equ	0xFDF
   549                           fsr2h	equ	0xFDA
   550                           fsr2l	equ	0xFD9
   551                           status	equ	0xFD8
   552                           
   553 ;; *************** function _OpenUSART *****************
   554 ;; Defined at:
   555 ;;		line 73 in file "C:\Program Files (x86)\Microchip\xc8\v1.34\sources\pic18\plib\USART\uopen.c"
   556 ;; Parameters:    Size  Location     Type
   557 ;;  config          1    wreg     unsigned char 
   558 ;;  spbrg           2   31[COMRAM] unsigned int 
   559 ;; Auto vars:     Size  Location     Type
   560 ;;  config          1   33[COMRAM] unsigned char 
   561 ;; Return value:  Size  Location     Type
   562 ;;		None               void
   563 ;; Registers used:
   564 ;;		wreg, status,2
   565 ;; Tracked objects:
   566 ;;		On entry : 0/0
   567 ;;		On exit  : 0/0
   568 ;;		Unchanged: 0/0
   569 ;; Data sizes:     COMRAM   BANK0   BANK1   BANK2   BANK3   BANK4   BANK5   BANK6   BANK7
   570 ;;      Params:         2       0       0       0       0       0       0       0       0
   571 ;;      Locals:         1       0       0       0       0       0       0       0       0
   572 ;;      Temps:          0       0       0       0       0       0       0       0       0
   573 ;;      Totals:         3       0       0       0       0       0       0       0       0
   574 ;;Total ram usage:        3 bytes
   575 ;; Hardware stack levels used:    1
   576 ;; Hardware stack levels required when called:    2
   577 ;; This function calls:
   578 ;;		Nothing
   579 ;; This function is called by:
   580 ;;		_System_Init
   581 ;; This function uses a non-reentrant model
   582 ;;
   583                           
   584                           	psect	text5
   585  0000A6                     __ptext5:
   586                           	opt stack 0
   587  0000A6                     _OpenUSART:
   588                           	opt stack 27
   589                           
   590                           ;incstack = 0
   591                           ;OpenUSART@config stored from wreg
   592  0000A6  6E22               	movwf	OpenUSART@config,c
   593  0000A8  0E00               	movlw	0
   594  0000AA  6EAC               	movwf	4012,c	;volatile
   595  0000AC  0E00               	movlw	0
   596  0000AE  6EAB               	movwf	4011,c	;volatile
   597  0000B0  A022               	btfss	OpenUSART@config,0,c
   598  0000B2  D002               	goto	l848
   599  0000B4  88AC               	bsf	4012,4,c	;volatile
   600  0000B6  D000               	goto	l848
   601  0000B8                     l848:
   602  0000B8  A222               	btfss	OpenUSART@config,1,c
   603  0000BA  D003               	goto	l852
   604  0000BC  8CAC               	bsf	4012,6,c	;volatile
   605  0000BE  8CAB               	bsf	4011,6,c	;volatile
   606  0000C0  D000               	goto	l852
   607  0000C2                     l852:
   608  0000C2  A422               	btfss	OpenUSART@config,2,c
   609  0000C4  D002               	goto	l856
   610  0000C6  8EAC               	bsf	4012,7,c	;volatile
   611  0000C8  D000               	goto	l856
   612  0000CA                     l856:
   613  0000CA  A622               	btfss	OpenUSART@config,3,c
   614  0000CC  D002               	goto	l82
   615  0000CE  88AB               	bsf	4011,4,c	;volatile
   616  0000D0  D002               	goto	l860
   617  0000D2                     l82:
   618  0000D2  8AAB               	bsf	4011,5,c	;volatile
   619  0000D4  D000               	goto	l860
   620  0000D6                     l860:
   621  0000D6  B822               	btfsc	OpenUSART@config,4,c
   622  0000D8  84AC               	bsf	4012,2,c	;volatile
   623  0000DA  989E               	bcf	3998,4,c	;volatile
   624  0000DC  AA22               	btfss	OpenUSART@config,5,c
   625  0000DE  D002               	goto	l868
   626  0000E0  86AB               	bsf	4011,3,c	;volatile
   627  0000E2  D000               	goto	l868
   628  0000E4                     l868:
   629  0000E4  AC22               	btfss	OpenUSART@config,6,c
   630  0000E6  D002               	goto	l86
   631  0000E8  8A9D               	bsf	3997,5,c	;volatile
   632  0000EA  D001               	goto	l87
   633  0000EC                     l86:
   634  0000EC  9A9D               	bcf	3997,5,c	;volatile
   635  0000EE                     l87:
   636  0000EE  9A9E               	bcf	3998,5,c	;volatile
   637  0000F0  AE22               	btfss	OpenUSART@config,7,c
   638  0000F2  D002               	goto	l88
   639  0000F4  889D               	bsf	3997,4,c	;volatile
   640  0000F6  D001               	goto	l89
   641  0000F8                     l88:
   642  0000F8  989D               	bcf	3997,4,c	;volatile
   643  0000FA                     l89:
   644  0000FA  C020  FFAF         	movff	OpenUSART@spbrg,4015	;volatile
   645  0000FE  5021               	movf	OpenUSART@spbrg+1,w,c
   646  000100  6EB0               	movwf	4016,c	;volatile
   647  000102  8AAC               	bsf	4012,5,c	;volatile
   648  000104  8EAB               	bsf	4011,7,c	;volatile
   649  000106  9C94               	bcf	3988,6,c	;volatile
   650  000108  8E94               	bsf	3988,7,c	;volatile
   651  00010A  B8AC               	btfsc	4012,4,c	;volatile
   652  00010C  BEAC               	btfsc	4012,7,c	;volatile
   653  00010E  D002               	goto	l91
   654  000110  8C94               	bsf	3988,6,c	;volatile
   655  000112  D000               	goto	l91
   656  000114                     l91:
   657  000114  0012               	return		;funcret
   658  000116                     __end_of_OpenUSART:
   659                           	opt stack 0
   660                           tblptru	equ	0xFF8
   661                           tblptrh	equ	0xFF7
   662                           tblptrl	equ	0xFF6
   663                           tablat	equ	0xFF5
   664                           postinc0	equ	0xFEE
   665                           postdec1	equ	0xFE5
   666                           fsr1l	equ	0xFE1
   667                           indf2	equ	0xFDF
   668                           fsr2h	equ	0xFDA
   669                           fsr2l	equ	0xFD9
   670                           status	equ	0xFD8
   671                           
   672 ;; *************** function _OpenI2C *****************
   673 ;; Defined at:
   674 ;;		line 14 in file "C:\Program Files (x86)\Microchip\xc8\v1.34\sources\pic18\plib\i2c\i2c_open.c"
   675 ;; Parameters:    Size  Location     Type
   676 ;;  sync_mode       1    wreg     unsigned char 
   677 ;;  slew            1   31[COMRAM] unsigned char 
   678 ;; Auto vars:     Size  Location     Type
   679 ;;  sync_mode       1   32[COMRAM] unsigned char 
   680 ;; Return value:  Size  Location     Type
   681 ;;		None               void
   682 ;; Registers used:
   683 ;;		wreg, status,2, status,0
   684 ;; Tracked objects:
   685 ;;		On entry : 0/0
   686 ;;		On exit  : 0/0
   687 ;;		Unchanged: 0/0
   688 ;; Data sizes:     COMRAM   BANK0   BANK1   BANK2   BANK3   BANK4   BANK5   BANK6   BANK7
   689 ;;      Params:         1       0       0       0       0       0       0       0       0
   690 ;;      Locals:         1       0       0       0       0       0       0       0       0
   691 ;;      Temps:          0       0       0       0       0       0       0       0       0
   692 ;;      Totals:         2       0       0       0       0       0       0       0       0
   693 ;;Total ram usage:        2 bytes
   694 ;; Hardware stack levels used:    1
   695 ;; Hardware stack levels required when called:    2
   696 ;; This function calls:
   697 ;;		Nothing
   698 ;; This function is called by:
   699 ;;		_System_Init
   700 ;; This function uses a non-reentrant model
   701 ;;
   702                           
   703                           	psect	text6
   704  000214                     __ptext6:
   705                           	opt stack 0
   706  000214                     _OpenI2C:
   707                           	opt stack 27
   708                           
   709                           ;incstack = 0
   710                           ;OpenI2C@sync_mode stored from wreg
   711  000214  6E21               	movwf	OpenI2C@sync_mode,c
   712  000216  0E3F               	movlw	63
   713  000218  16C7               	andwf	4039,f,c	;volatile
   714  00021A  0E00               	movlw	0
   715  00021C  6EC6               	movwf	4038,c	;volatile
   716  00021E  0E00               	movlw	0
   717  000220  6EC5               	movwf	4037,c	;volatile
   718  000222  5021               	movf	OpenI2C@sync_mode,w,c
   719  000224  12C6               	iorwf	4038,f,c	;volatile
   720  000226  5020               	movf	OpenI2C@slew,w,c
   721  000228  12C7               	iorwf	4039,f,c	;volatile
   722  00022A  8293               	bsf	3987,1,c	;volatile
   723  00022C  8093               	bsf	3987,0,c	;volatile
   724  00022E  8AC6               	bsf	4038,5,c	;volatile
   725  000230  0012               	return		;funcret
   726  000232                     __end_of_OpenI2C:
   727                           	opt stack 0
   728                           tblptru	equ	0xFF8
   729                           tblptrh	equ	0xFF7
   730                           tblptrl	equ	0xFF6
   731                           tablat	equ	0xFF5
   732                           postinc0	equ	0xFEE
   733                           postdec1	equ	0xFE5
   734                           fsr1l	equ	0xFE1
   735                           indf2	equ	0xFDF
   736                           fsr2h	equ	0xFDA
   737                           fsr2l	equ	0xFD9
   738                           status	equ	0xFD8
   739                           
   740 ;; *************** function _IdleI2C *****************
   741 ;; Defined at:
   742 ;;		line 24 in file "C:\Program Files (x86)\Microchip\xc8\v1.34\sources\pic18\plib\i2c\i2c_idle.c"
   743 ;; Parameters:    Size  Location     Type
   744 ;;		None
   745 ;; Auto vars:     Size  Location     Type
   746 ;;		None
   747 ;; Return value:  Size  Location     Type
   748 ;;		None               void
   749 ;; Registers used:
   750 ;;		wreg, status,2, status,0
   751 ;; Tracked objects:
   752 ;;		On entry : 0/0
   753 ;;		On exit  : 0/0
   754 ;;		Unchanged: 0/0
   755 ;; Data sizes:     COMRAM   BANK0   BANK1   BANK2   BANK3   BANK4   BANK5   BANK6   BANK7
   756 ;;      Params:         0       0       0       0       0       0       0       0       0
   757 ;;      Locals:         0       0       0       0       0       0       0       0       0
   758 ;;      Temps:          1       0       0       0       0       0       0       0       0
   759 ;;      Totals:         1       0       0       0       0       0       0       0       0
   760 ;;Total ram usage:        1 bytes
   761 ;; Hardware stack levels used:    1
   762 ;; Hardware stack levels required when called:    2
   763 ;; This function calls:
   764 ;;		Nothing
   765 ;; This function is called by:
   766 ;;		_System_Init
   767 ;; This function uses a non-reentrant model
   768 ;;
   769                           
   770                           	psect	text7
   771  00027A                     __ptext7:
   772                           	opt stack 0
   773  00027A                     _IdleI2C:
   774                           	opt stack 27
   775                           
   776                           ;incstack = 0
   777  00027A  D000               	goto	l800
   778  00027C                     l800:
   779  00027C  CFC5 F020          	movff	4037,??_IdleI2C	;volatile
   780  000280  0E1F               	movlw	31
   781  000282  1620               	andwf	??_IdleI2C,f,c
   782  000284  B4D8               	btfsc	status,2,c
   783  000286  B4C7               	btfsc	4039,2,c	;volatile
   784  000288  D7F9               	goto	l800
   785  00028A  0012               	return		;funcret
   786  00028C                     __end_of_IdleI2C:
   787                           	opt stack 0
   788                           tblptru	equ	0xFF8
   789                           tblptrh	equ	0xFF7
   790                           tblptrl	equ	0xFF6
   791                           tablat	equ	0xFF5
   792                           postinc0	equ	0xFEE
   793                           postdec1	equ	0xFE5
   794                           fsr1l	equ	0xFE1
   795                           indf2	equ	0xFDF
   796                           fsr2h	equ	0xFDA
   797                           fsr2l	equ	0xFD9
   798                           status	equ	0xFD8
   799                           
   800 ;; *************** function _CloseI2C *****************
   801 ;; Defined at:
   802 ;;		line 19 in file "C:\Program Files (x86)\Microchip\xc8\v1.34\sources\pic18\plib\i2c\i2c_clos.c"
   803 ;; Parameters:    Size  Location     Type
   804 ;;		None
   805 ;; Auto vars:     Size  Location     Type
   806 ;;		None
   807 ;; Return value:  Size  Location     Type
   808 ;;		None               void
   809 ;; Registers used:
   810 ;;		status,2, status,0
   811 ;; Tracked objects:
   812 ;;		On entry : 0/0
   813 ;;		On exit  : 0/0
   814 ;;		Unchanged: 0/0
   815 ;; Data sizes:     COMRAM   BANK0   BANK1   BANK2   BANK3   BANK4   BANK5   BANK6   BANK7
   816 ;;      Params:         0       0       0       0       0       0       0       0       0
   817 ;;      Locals:         0       0       0       0       0       0       0       0       0
   818 ;;      Temps:          0       0       0       0       0       0       0       0       0
   819 ;;      Totals:         0       0       0       0       0       0       0       0       0
   820 ;;Total ram usage:        0 bytes
   821 ;; Hardware stack levels used:    1
   822 ;; Hardware stack levels required when called:    2
   823 ;; This function calls:
   824 ;;		Nothing
   825 ;; This function is called by:
   826 ;;		_System_Init
   827 ;; This function uses a non-reentrant model
   828 ;;
   829                           
   830                           	psect	text8
   831  000294                     __ptext8:
   832                           	opt stack 0
   833  000294                     _CloseI2C:
   834                           	opt stack 27
   835                           
   836                           ;incstack = 0
   837  000294  9AC6               	bcf	4038,5,c	;volatile
   838  000296  0012               	return		;funcret
   839  000298                     __end_of_CloseI2C:
   840                           	opt stack 0
   841                           tblptru	equ	0xFF8
   842                           tblptrh	equ	0xFF7
   843                           tblptrl	equ	0xFF6
   844                           tablat	equ	0xFF5
   845                           postinc0	equ	0xFEE
   846                           postdec1	equ	0xFE5
   847                           fsr1l	equ	0xFE1
   848                           indf2	equ	0xFDF
   849                           fsr2h	equ	0xFDA
   850                           fsr2l	equ	0xFD9
   851                           status	equ	0xFD8
   852                           
   853 ;; *************** function _System_LowPriorityInterrupt *****************
   854 ;; Defined at:
   855 ;;		line 8 in file "system.c"
   856 ;; Parameters:    Size  Location     Type
   857 ;;		None
   858 ;; Auto vars:     Size  Location     Type
   859 ;;		None
   860 ;; Return value:  Size  Location     Type
   861 ;;		None               void
   862 ;; Registers used:
   863 ;;		None
   864 ;; Tracked objects:
   865 ;;		On entry : 0/0
   866 ;;		On exit  : 0/0
   867 ;;		Unchanged: 0/0
   868 ;; Data sizes:     COMRAM   BANK0   BANK1   BANK2   BANK3   BANK4   BANK5   BANK6   BANK7
   869 ;;      Params:         0       0       0       0       0       0       0       0       0
   870 ;;      Locals:         0       0       0       0       0       0       0       0       0
   871 ;;      Temps:         17       0       0       0       0       0       0       0       0
   872 ;;      Totals:        17       0       0       0       0       0       0       0       0
   873 ;;Total ram usage:       17 bytes
   874 ;; Hardware stack levels used:    1
   875 ;; Hardware stack levels required when called:    1
   876 ;; This function calls:
   877 ;;		Nothing
   878 ;; This function is called by:
   879 ;;		Interrupt level 1
   880 ;; This function uses a non-reentrant model
   881 ;;
   882                           
   883                           	psect	intcodelo
   884  000018                     __pintcodelo:
   885                           	opt stack 0
   886  000018                     _System_LowPriorityInterrupt:
   887                           	opt stack 27
   888                           
   889                           ;incstack = 0
   890  000018  CFD8 F001          	movff	status,??_System_LowPriorityInterrupt
   891  00001C  CFE8 F002          	movff	wreg,??_System_LowPriorityInterrupt+1
   892  000020  CFE0 F003          	movff	bsr,??_System_LowPriorityInterrupt+2
   893  000024  CFFA F004          	movff	pclath,??_System_LowPriorityInterrupt+3
   894  000028  CFFB F005          	movff	pclatu,??_System_LowPriorityInterrupt+4
   895  00002C  CFE9 F006          	movff	fsr0l,??_System_LowPriorityInterrupt+5
   896  000030  CFEA F007          	movff	fsr0h,??_System_LowPriorityInterrupt+6
   897  000034  CFE1 F008          	movff	fsr1l,??_System_LowPriorityInterrupt+7
   898  000038  CFE2 F009          	movff	fsr1h,??_System_LowPriorityInterrupt+8
   899  00003C  CFD9 F00A          	movff	fsr2l,??_System_LowPriorityInterrupt+9
   900  000040  CFDA F00B          	movff	fsr2h,??_System_LowPriorityInterrupt+10
   901  000044  CFF3 F00C          	movff	prodl,??_System_LowPriorityInterrupt+11
   902  000048  CFF4 F00D          	movff	prodh,??_System_LowPriorityInterrupt+12
   903  00004C  CFF6 F00E          	movff	tblptrl,??_System_LowPriorityInterrupt+13
   904  000050  CFF7 F00F          	movff	tblptrh,??_System_LowPriorityInterrupt+14
   905  000054  CFF8 F010          	movff	tblptru,??_System_LowPriorityInterrupt+15
   906  000058  CFF5 F011          	movff	tablat,??_System_LowPriorityInterrupt+16
   907  00005C  C011  FFF5         	movff	??_System_LowPriorityInterrupt+16,tablat
   908  000060  C010  FFF8         	movff	??_System_LowPriorityInterrupt+15,tblptru
   909  000064  C00F  FFF7         	movff	??_System_LowPriorityInterrupt+14,tblptrh
   910  000068  C00E  FFF6         	movff	??_System_LowPriorityInterrupt+13,tblptrl
   911  00006C  C00D  FFF4         	movff	??_System_LowPriorityInterrupt+12,prodh
   912  000070  C00C  FFF3         	movff	??_System_LowPriorityInterrupt+11,prodl
   913  000074  C00B  FFDA         	movff	??_System_LowPriorityInterrupt+10,fsr2h
   914  000078  C00A  FFD9         	movff	??_System_LowPriorityInterrupt+9,fsr2l
   915  00007C  C009  FFE2         	movff	??_System_LowPriorityInterrupt+8,fsr1h
   916  000080  C008  FFE1         	movff	??_System_LowPriorityInterrupt+7,fsr1l
   917  000084  C007  FFEA         	movff	??_System_LowPriorityInterrupt+6,fsr0h
   918  000088  C006  FFE9         	movff	??_System_LowPriorityInterrupt+5,fsr0l
   919  00008C  C005  FFFB         	movff	??_System_LowPriorityInterrupt+4,pclatu
   920  000090  C004  FFFA         	movff	??_System_LowPriorityInterrupt+3,pclath
   921  000094  C003  FFE0         	movff	??_System_LowPriorityInterrupt+2,bsr
   922  000098  C002  FFE8         	movff	??_System_LowPriorityInterrupt+1,wreg
   923  00009C  C001  FFD8         	movff	??_System_LowPriorityInterrupt,status
   924  0000A0  0010               	retfie	
   925  0000A2                     __end_of_System_LowPriorityInterrupt:
   926                           	opt stack 0
   927                           pclatu	equ	0xFFB
   928                           pclath	equ	0xFFA
   929                           tblptru	equ	0xFF8
   930                           tblptrh	equ	0xFF7
   931                           tblptrl	equ	0xFF6
   932                           tablat	equ	0xFF5
   933                           prodh	equ	0xFF4
   934                           prodl	equ	0xFF3
   935                           postinc0	equ	0xFEE
   936                           fsr0h	equ	0xFEA
   937                           fsr0l	equ	0xFE9
   938                           wreg	equ	0xFE8
   939                           postdec1	equ	0xFE5
   940                           fsr1h	equ	0xFE2
   941                           fsr1l	equ	0xFE1
   942                           bsr	equ	0xFE0
   943                           indf2	equ	0xFDF
   944                           fsr2h	equ	0xFDA
   945                           fsr2l	equ	0xFD9
   946                           status	equ	0xFD8
   947                           
   948 ;; *************** function _System_HighPriorityInterrupt *****************
   949 ;; Defined at:
   950 ;;		line 3 in file "system.c"
   951 ;; Parameters:    Size  Location     Type
   952 ;;		None
   953 ;; Auto vars:     Size  Location     Type
   954 ;;		None
   955 ;; Return value:  Size  Location     Type
   956 ;;		None               void
   957 ;; Registers used:
   958 ;;		None
   959 ;; Tracked objects:
   960 ;;		On entry : 0/0
   961 ;;		On exit  : 0/0
   962 ;;		Unchanged: 0/0
   963 ;; Data sizes:     COMRAM   BANK0   BANK1   BANK2   BANK3   BANK4   BANK5   BANK6   BANK7
   964 ;;      Params:         0       0       0       0       0       0       0       0       0
   965 ;;      Locals:         0       0       0       0       0       0       0       0       0
   966 ;;      Temps:         14       0       0       0       0       0       0       0       0
   967 ;;      Totals:        14       0       0       0       0       0       0       0       0
   968 ;;Total ram usage:       14 bytes
   969 ;; Hardware stack levels used:    1
   970 ;; This function calls:
   971 ;;		Nothing
   972 ;; This function is called by:
   973 ;;		Interrupt level 2
   974 ;; This function uses a non-reentrant model
   975 ;;
   976                           
   977                           	psect	intcode
   978  000008                     __pintcode:
   979                           	opt stack 0
   980  000008                     _System_HighPriorityInterrupt:
   981                           	opt stack 27
   982                           
   983                           ;incstack = 0
   984  000008  CFFA F012          	movff	pclath,??_System_HighPriorityInterrupt
   985  00000C  CFFB F013          	movff	pclatu,??_System_HighPriorityInterrupt+1
   986  000010  CFE9 F014          	movff	fsr0l,??_System_HighPriorityInterrupt+2
   987  000014  ED8B  F000         	call	int_func,f	;refresh shadow registers
   988                           pclatu	equ	0xFFB
   989                           pclath	equ	0xFFA
   990                           tblptru	equ	0xFF8
   991                           tblptrh	equ	0xFF7
   992                           tblptrl	equ	0xFF6
   993                           tablat	equ	0xFF5
   994                           prodh	equ	0xFF4
   995                           prodl	equ	0xFF3
   996                           postinc0	equ	0xFEE
   997                           fsr0h	equ	0xFEA
   998                           fsr0l	equ	0xFE9
   999                           wreg	equ	0xFE8
  1000                           postdec1	equ	0xFE5
  1001                           fsr1h	equ	0xFE2
  1002                           fsr1l	equ	0xFE1
  1003                           bsr	equ	0xFE0
  1004                           indf2	equ	0xFDF
  1005                           fsr2h	equ	0xFDA
  1006                           fsr2l	equ	0xFD9
  1007                           status	equ	0xFD8
  1008                           
  1009                           	psect	intcode_body
  1010  000116                     __pintcode_body:
  1011                           	opt stack 27
  1012  000116                     int_func:
  1013                           	opt stack 27
  1014  000116  0006               	pop		; remove dummy address from shadow register refresh
  1015  000118  CFEA F015          	movff	fsr0h,??_System_HighPriorityInterrupt+3
  1016  00011C  CFE1 F016          	movff	fsr1l,??_System_HighPriorityInterrupt+4
  1017  000120  CFE2 F017          	movff	fsr1h,??_System_HighPriorityInterrupt+5
  1018  000124  CFD9 F018          	movff	fsr2l,??_System_HighPriorityInterrupt+6
  1019  000128  CFDA F019          	movff	fsr2h,??_System_HighPriorityInterrupt+7
  1020  00012C  CFF3 F01A          	movff	prodl,??_System_HighPriorityInterrupt+8
  1021  000130  CFF4 F01B          	movff	prodh,??_System_HighPriorityInterrupt+9
  1022  000134  CFF6 F01C          	movff	tblptrl,??_System_HighPriorityInterrupt+10
  1023  000138  CFF7 F01D          	movff	tblptrh,??_System_HighPriorityInterrupt+11
  1024  00013C  CFF8 F01E          	movff	tblptru,??_System_HighPriorityInterrupt+12
  1025  000140  CFF5 F01F          	movff	tablat,??_System_HighPriorityInterrupt+13
  1026  000144  C01F  FFF5         	movff	??_System_HighPriorityInterrupt+13,tablat
  1027  000148  C01E  FFF8         	movff	??_System_HighPriorityInterrupt+12,tblptru
  1028  00014C  C01D  FFF7         	movff	??_System_HighPriorityInterrupt+11,tblptrh
  1029  000150  C01C  FFF6         	movff	??_System_HighPriorityInterrupt+10,tblptrl
  1030  000154  C01B  FFF4         	movff	??_System_HighPriorityInterrupt+9,prodh
  1031  000158  C01A  FFF3         	movff	??_System_HighPriorityInterrupt+8,prodl
  1032  00015C  C019  FFDA         	movff	??_System_HighPriorityInterrupt+7,fsr2h
  1033  000160  C018  FFD9         	movff	??_System_HighPriorityInterrupt+6,fsr2l
  1034  000164  C017  FFE2         	movff	??_System_HighPriorityInterrupt+5,fsr1h
  1035  000168  C016  FFE1         	movff	??_System_HighPriorityInterrupt+4,fsr1l
  1036  00016C  C015  FFEA         	movff	??_System_HighPriorityInterrupt+3,fsr0h
  1037  000170  C014  FFE9         	movff	??_System_HighPriorityInterrupt+2,fsr0l
  1038  000174  C013  FFFB         	movff	??_System_HighPriorityInterrupt+1,pclatu
  1039  000178  C012  FFFA         	movff	??_System_HighPriorityInterrupt,pclath
  1040  00017C  0011               	retfie		f
  1041  00017E                     __end_of_System_HighPriorityInterrupt:
  1042                           	opt stack 0
  1043  0000                     pclatu	equ	0xFFB
  1044                           pclath	equ	0xFFA
  1045                           tblptru	equ	0xFF8
  1046                           tblptrh	equ	0xFF7
  1047                           tblptrl	equ	0xFF6
  1048                           tablat	equ	0xFF5
  1049                           prodh	equ	0xFF4
  1050                           prodl	equ	0xFF3
  1051                           postinc0	equ	0xFEE
  1052                           fsr0h	equ	0xFEA
  1053                           fsr0l	equ	0xFE9
  1054                           wreg	equ	0xFE8
  1055                           postdec1	equ	0xFE5
  1056                           fsr1h	equ	0xFE2
  1057                           fsr1l	equ	0xFE1
  1058                           bsr	equ	0xFE0
  1059                           indf2	equ	0xFDF
  1060                           fsr2h	equ	0xFDA
  1061                           fsr2l	equ	0xFD9
  1062                           status	equ	0xFD8
  1063                           pclatu	equ	0xFFB
  1064                           pclath	equ	0xFFA
  1065                           tblptru	equ	0xFF8
  1066                           tblptrh	equ	0xFF7
  1067                           tblptrl	equ	0xFF6
  1068                           tablat	equ	0xFF5
  1069                           prodh	equ	0xFF4
  1070                           prodl	equ	0xFF3
  1071                           postinc0	equ	0xFEE
  1072                           fsr0h	equ	0xFEA
  1073                           fsr0l	equ	0xFE9
  1074                           wreg	equ	0xFE8
  1075                           postdec1	equ	0xFE5
  1076                           fsr1h	equ	0xFE2
  1077                           fsr1l	equ	0xFE1
  1078                           bsr	equ	0xFE0
  1079                           indf2	equ	0xFDF
  1080                           fsr2h	equ	0xFDA
  1081                           fsr2l	equ	0xFD9
  1082                           status	equ	0xFD8
  1083                           
  1084                           	psect	rparam
  1085  0000                     pclatu	equ	0xFFB
  1086                           pclath	equ	0xFFA
  1087                           tblptru	equ	0xFF8
  1088                           tblptrh	equ	0xFF7
  1089                           tblptrl	equ	0xFF6
  1090                           tablat	equ	0xFF5
  1091                           prodh	equ	0xFF4
  1092                           prodl	equ	0xFF3
  1093                           postinc0	equ	0xFEE
  1094                           fsr0h	equ	0xFEA
  1095                           fsr0l	equ	0xFE9
  1096                           wreg	equ	0xFE8
  1097                           postdec1	equ	0xFE5
  1098                           fsr1h	equ	0xFE2
  1099                           fsr1l	equ	0xFE1
  1100                           bsr	equ	0xFE0
  1101                           indf2	equ	0xFDF
  1102                           fsr2h	equ	0xFDA
  1103                           fsr2l	equ	0xFD9
  1104                           status	equ	0xFD8


Data Sizes:
    Strings     0
    Constant    0
    Data        21
    BSS         1
    Persistent  0
    Stack       0

Auto Spaces:
    Space          Size  Autos    Used
    COMRAM           95     34      56
    BANK0           160      0       0
    BANK1           256      0       0
    BANK2           256      0       0
    BANK3           256      0       0
    BANK4           256      0       0
    BANK5           256      0       0
    BANK6           256      0       0
    BANK7           256      0       0

Pointer List with Targets:

    putsUSART@data	PTR unsigned char  size(2) Largest target is 21
		 -> hello(COMRAM[21]), 


Critical Paths under _main in COMRAM

    _main->_putsUSART
    _putsUSART->_WriteUSART
    _System_Init->_OpenUSART

Critical Paths under _System_HighPriorityInterrupt in COMRAM

    None.

Critical Paths under _System_LowPriorityInterrupt in COMRAM

    None.

Critical Paths under _main in BANK0

    None.

Critical Paths under _System_HighPriorityInterrupt in BANK0

    None.

Critical Paths under _System_LowPriorityInterrupt in BANK0

    None.

Critical Paths under _main in BANK1

    None.

Critical Paths under _System_HighPriorityInterrupt in BANK1

    None.

Critical Paths under _System_LowPriorityInterrupt in BANK1

    None.

Critical Paths under _main in BANK2

    None.

Critical Paths under _System_HighPriorityInterrupt in BANK2

    None.

Critical Paths under _System_LowPriorityInterrupt in BANK2

    None.

Critical Paths under _main in BANK3

    None.

Critical Paths under _System_HighPriorityInterrupt in BANK3

    None.

Critical Paths under _System_LowPriorityInterrupt in BANK3

    None.

Critical Paths under _main in BANK4

    None.

Critical Paths under _System_HighPriorityInterrupt in BANK4

    None.

Critical Paths under _System_LowPriorityInterrupt in BANK4

    None.

Critical Paths under _main in BANK5

    None.

Critical Paths under _System_HighPriorityInterrupt in BANK5

    None.

Critical Paths under _System_LowPriorityInterrupt in BANK5

    None.

Critical Paths under _main in BANK6

    None.

Critical Paths under _System_HighPriorityInterrupt in BANK6

    None.

Critical Paths under _System_LowPriorityInterrupt in BANK6

    None.

Critical Paths under _main in BANK7

    None.

Critical Paths under _System_HighPriorityInterrupt in BANK7

    None.

Critical Paths under _System_LowPriorityInterrupt in BANK7

    None.

Call Graph Tables:

 ---------------------------------------------------------------------------------
 (Depth) Function   	        Calls       Base Space   Used Autos Params    Refs
 ---------------------------------------------------------------------------------
 (0) _main                                                 0     0      0     497
                        _System_Init
                          _putsUSART
 ---------------------------------------------------------------------------------
 (1) _putsUSART                                            2     0      2     112
                                             32 COMRAM     2     0      2
                         _WriteUSART
 ---------------------------------------------------------------------------------
 (2) _WriteUSART                                           1     1      0      15
                                             31 COMRAM     1     1      0
 ---------------------------------------------------------------------------------
 (1) _System_Init                                          0     0      0     385
                           _CloseI2C
                            _IdleI2C
                            _OpenI2C
                          _OpenUSART
                          _baudUSART
 ---------------------------------------------------------------------------------
 (2) _baudUSART                                            1     1      0      15
                                             31 COMRAM     1     1      0
 ---------------------------------------------------------------------------------
 (2) _OpenUSART                                            3     1      2     273
                                             31 COMRAM     3     1      2
 ---------------------------------------------------------------------------------
 (2) _OpenI2C                                              2     1      1      97
                                             31 COMRAM     2     1      1
 ---------------------------------------------------------------------------------
 (2) _IdleI2C                                              1     1      0       0
                                             31 COMRAM     1     1      0
 ---------------------------------------------------------------------------------
 (2) _CloseI2C                                             0     0      0       0
 ---------------------------------------------------------------------------------
 Estimated maximum stack depth 2
 ---------------------------------------------------------------------------------
 (Depth) Function   	        Calls       Base Space   Used Autos Params    Refs
 ---------------------------------------------------------------------------------
 (3) _System_LowPriorityInterrupt                         17    17      0       0
                                              0 COMRAM    17    17      0
 ---------------------------------------------------------------------------------
 Estimated maximum stack depth 3
 ---------------------------------------------------------------------------------
 (Depth) Function   	        Calls       Base Space   Used Autos Params    Refs
 ---------------------------------------------------------------------------------
 (4) _System_HighPriorityInterrupt                        14    14      0       0
                                             17 COMRAM    14    14      0
 ---------------------------------------------------------------------------------
 Estimated maximum stack depth 4
 ---------------------------------------------------------------------------------

 Call Graph Graphs:

 _main (ROOT)
   _System_Init
     _CloseI2C
     _IdleI2C
     _OpenI2C
     _OpenUSART
     _baudUSART
   _putsUSART
     _WriteUSART

 _System_LowPriorityInterrupt (ROOT)

 _System_HighPriorityInterrupt (ROOT)

 Address spaces:
Name               Size   Autos  Total    Cost      Usage
BIGRAM             7FF      0       0      21        0.0%
EEDATA             100      0       0       0        0.0%
BITBANK7           100      0       0      18        0.0%
BANK7              100      0       0      19        0.0%
BITBANK6           100      0       0      16        0.0%
BANK6              100      0       0      17        0.0%
BITBANK5           100      0       0      14        0.0%
BANK5              100      0       0      15        0.0%
BITBANK4           100      0       0      12        0.0%
BANK4              100      0       0      13        0.0%
BITBANK3           100      0       0      10        0.0%
BANK3              100      0       0      11        0.0%
BITBANK2           100      0       0       8        0.0%
BANK2              100      0       0       9        0.0%
BITBANK1           100      0       0       6        0.0%
BANK1              100      0       0       7        0.0%
BITBANK0            A0      0       0       4        0.0%
BANK0               A0      0       0       5        0.0%
BITCOMRAM           5F      0       0       0        0.0%
COMRAM              5F     22      38       1       58.9%
BITSFR               0      0       0      40        0.0%
SFR                  0      0       0      40        0.0%
STACK                0      0       0       2        0.0%
NULL                 0      0       0       0        0.0%
ABS                  0      0      38      20        0.0%
DATA                 0      0      38       3        0.0%
CODE                 0      0       0       0        0.0%


Microchip Technology PIC18 Macro Assembler V1.34 build -361300703 
Symbol Table                                                                                   Sun Dec 02 16:02:29 2018

                          _SSPSTATbits 000FC7                                     l12 0238  
                                   l50 01BC                                     l82 00D2  
                                   l91 0114                                     l86 00EC  
                                   l87 00EE                                     l88 00F8  
                                   l89 00FA                                     l99 01EE  
                                   bsr 000FE0                                    l800 027C  
                                  l810 025E                                    l860 00D6  
                                  l852 00C2                                    l856 00CA  
                                  l848 00B8                                    l868 00E4  
                                  wreg 000FE8                                   _PIE1 000F9D  
                                 _main 0232                                   fsr0h 000FEA  
                                 fsr1h 000FE2                                   fsr0l 000FE9  
                                 fsr2h 000FDA                                   fsr1l 000FE1  
                                 indf2 000FDF                                   fsr2l 000FD9  
                  baudUSART@baudconfig 0020                                   pclat 000FFA  
                                 prodh 000FF4                                   prodl 000FF3  
                                 start 00A2                        __end_of_IdleI2C 028C  
                 __size_of_System_Init 0046                           ___param_bank 000010  
                      __end_of_OpenI2C 0232                                  ?_main 0001  
                                _RCSTA 000FAB                                  _SPBRG 000FAF  
                                _TRISD 000F95                                  _TXREG 000FAD  
                                _TXSTA 000FAC                                  _hello 0023  
                                tablat 000FF5                                  status 000FD8  
                     __end_of_CloseI2C 0298                         WriteUSART@data 0020  
                      __initialization 01C4                           __end_of_main 024E  
                               ??_main 0023                          __activetblptr 000000  
                          OpenI2C@slew 0020                              ??_IdleI2C 0020  
                               _SPBRGH 000FB0                                 _SSPADD 000FC8  
                            ??_OpenI2C 0021                     __size_of_OpenUSART 0070  
                         __pdataCOMRAM 0023                                 tblptrh 000FF7  
                               tblptrl 000FF6                                 tblptru 000FF8  
       ??_System_HighPriorityInterrupt 0012                             __accesstop 0060  
              __end_of__initialization 01E6                          ___rparam_used 000001  
                   __size_of_baudUSART 0008                             _WriteUSART 024E  
                       __pcstackCOMRAM 0001                              ?_CloseI2C 0001  
                    __end_of_OpenUSART 0116                          putsUSART@data 0021  
                              _BAUDCON 000FB8                      __end_of_baudUSART 0294  
                           ??_CloseI2C 0020                     __size_of_putsUSART 0028  
                              _SSPCON1 000FC6                                _SSPCON2 000FC5  
                              _SSPSTAT 000FC7                                _IdleI2C 027A  
                        ??_System_Init 0023                                _OpenI2C 0214  
                              __Hparam 0000                                __Lparam 0000  
                          ?_WriteUSART 0001                                __pcinit 01C4  
                              __ramtop 0800                                __ptext0 0232  
                              __ptext1 01EC                                __ptext2 024E  
                              __ptext3 017E                                __ptext4 028C  
                              __ptext5 00A6                                __ptext6 0214  
                              __ptext7 027A                                __ptext8 0294  
                       __pintcode_body 0116                   end_of_initialization 01E6  
                              int_func 0116                              _RCSTAbits 000FAB  
         ?_System_LowPriorityInterrupt 0001                                postdec1 000FE5  
                              postinc0 000FEE                      __end_of_putsUSART 0214  
                  __end_of_System_Init 01C4                              _TRISBbits 000F93  
                            _TRISCbits 000F94                    __size_of_WriteUSART 0016  
                            _TXSTAbits 000FAC                          __pidataCOMRAM 0264  
                  start_initialization 01C4                      __size_of_CloseI2C 0004  
                            _OpenUSART 00A6                            _System_Init 017E  
 __end_of_System_HighPriorityInterrupt 017E  __size_of_System_HighPriorityInterrupt 0176  
         _System_HighPriorityInterrupt 0008                            __pbssCOMRAM 0038  
 __size_of_System_LowPriorityInterrupt 008A                              _baudUSART 028C  
                             ?_IdleI2C 0001                             ?_OpenUSART 0020  
                             ?_OpenI2C 0020                           ??_WriteUSART 0020  
                            __pintcode 0008          ?_System_HighPriorityInterrupt 0001  
                          __pintcodelo 0018                     __end_of_WriteUSART 0264  
                           ?_baudUSART 0001                               _LATDbits 000F8C  
                             _PIE1bits 000F9D                               _PIR1bits 000F9E  
                            _putsUSART 01EC                               _CloseI2C 0294  
                            copy_data0 01DA                       OpenI2C@sync_mode 0021  
                          ??_OpenUSART 0022                       __size_of_IdleI2C 0012  
                      OpenUSART@config 0022                               __Hrparam 0000  
                     __size_of_OpenI2C 001E                               __Lrparam 0000  
                           ?_putsUSART 0021                            ??_baudUSART 0020  
                        __size_of_main 001C                           ?_System_Init 0001  
                       OpenUSART@spbrg 0020                               intlevel1 0000  
                             intlevel2 0000    __end_of_System_LowPriorityInterrupt 00A2  
          _System_LowPriorityInterrupt 0018                            ??_putsUSART 0023  
        ??_System_LowPriorityInterrupt 0001                            _SSPCON2bits 000FC5  
                         _USART_Status 0038  
